This file contains any messages produced by compilers while
running configure, to aid debugging if configure makes a mistake.

It was created by configure, which was
generated by GNU Autoconf 2.69.  Invocation command line was

  $ ./configure --enable-packetver=20130807

## --------- ##
## Platform. ##
## --------- ##

hostname = interiro
uname -m = x86_64
uname -r = 3.14.4-x86_64-linode40
uname -s = Linux
uname -v = #1 SMP Tue May 13 12:25:05 EDT 2014

/usr/bin/uname -p = unknown
/bin/uname -X     = unknown

/bin/arch              = unknown
/usr/bin/arch -k       = unknown
/usr/convex/getsysinfo = unknown
/usr/bin/hostinfo      = unknown
/bin/machine           = unknown
/usr/bin/oslevel       = unknown
/bin/universe          = unknown

PATH: /usr/local/rvm/gems/ruby-2.1.2/bin
PATH: /usr/local/rvm/gems/ruby-2.1.2@global/bin
PATH: /usr/local/rvm/rubies/ruby-2.1.2/bin
PATH: /usr/local/sbin
PATH: /usr/local/bin
PATH: /usr/sbin
PATH: /usr/bin
PATH: /sbin
PATH: /bin
PATH: /usr/games
PATH: /usr/local/games
PATH: /usr/local/rvm/bin


## ----------- ##
## Core tests. ##
## ----------- ##

configure:2229: checking for gcc
configure:2245: found /usr/bin/gcc
configure:2256: result: gcc
configure:2485: checking for C compiler version
configure:2494: gcc --version >&5
gcc (Ubuntu/Linaro 4.8.1-10ubuntu9) 4.8.1
Copyright (C) 2013 Free Software Foundation, Inc.
This is free software; see the source for copying conditions.  There is NO
warranty; not even for MERCHANTABILITY or FITNESS FOR A PARTICULAR PURPOSE.

configure:2505: $? = 0
configure:2494: gcc -v >&5
Using built-in specs.
COLLECT_GCC=gcc
COLLECT_LTO_WRAPPER=/usr/lib/gcc/x86_64-linux-gnu/4.8/lto-wrapper
Target: x86_64-linux-gnu
Configured with: ../src/configure -v --with-pkgversion='Ubuntu/Linaro 4.8.1-10ubuntu9' --with-bugurl=file:///usr/share/doc/gcc-4.8/README.Bugs --enable-languages=c,c++,java,go,d,fortran,objc,obj-c++ --prefix=/usr --program-suffix=-4.8 --enable-shared --enable-linker-build-id --libexecdir=/usr/lib --without-included-gettext --enable-threads=posix --with-gxx-include-dir=/usr/include/c++/4.8 --libdir=/usr/lib --enable-nls --with-sysroot=/ --enable-clocale=gnu --enable-libstdcxx-debug --enable-libstdcxx-time=yes --enable-gnu-unique-object --enable-plugin --with-system-zlib --disable-browser-plugin --enable-java-awt=gtk --enable-gtk-cairo --with-java-home=/usr/lib/jvm/java-1.5.0-gcj-4.8-amd64/jre --enable-java-home --with-jvm-root-dir=/usr/lib/jvm/java-1.5.0-gcj-4.8-amd64 --with-jvm-jar-dir=/usr/lib/jvm-exports/java-1.5.0-gcj-4.8-amd64 --with-arch-directory=amd64 --with-ecj-jar=/usr/share/java/eclipse-ecj.jar --enable-objc-gc --enable-multiarch --disable-werror --with-arch-32=i686 --with-abi=m64 --with-multilib-list=m32,m64,mx32 --with-tune=generic --enable-checking=release --build=x86_64-linux-gnu --host=x86_64-linux-gnu --target=x86_64-linux-gnu
Thread model: posix
gcc version 4.8.1 (Ubuntu/Linaro 4.8.1-10ubuntu9) 
configure:2505: $? = 0
configure:2494: gcc -V >&5
gcc: error: unrecognized command line option '-V'
gcc: fatal error: no input files
compilation terminated.
configure:2505: $? = 4
configure:2494: gcc -qversion >&5
gcc: error: unrecognized command line option '-qversion'
gcc: fatal error: no input files
compilation terminated.
configure:2505: $? = 4
configure:2525: checking whether the C compiler works
configure:2547: gcc    conftest.c  >&5
configure:2551: $? = 0
configure:2599: result: yes
configure:2602: checking for C compiler default output file name
configure:2604: result: a.out
configure:2610: checking for suffix of executables
configure:2617: gcc -o conftest    conftest.c  >&5
configure:2621: $? = 0
configure:2643: result: 
configure:2665: checking whether we are cross compiling
configure:2673: gcc -o conftest    conftest.c  >&5
configure:2677: $? = 0
configure:2684: ./conftest
configure:2688: $? = 0
configure:2703: result: no
configure:2708: checking for suffix of object files
configure:2730: gcc -c   conftest.c >&5
configure:2734: $? = 0
configure:2755: result: o
configure:2759: checking whether we are using the GNU C compiler
configure:2778: gcc -c   conftest.c >&5
configure:2778: $? = 0
configure:2787: result: yes
configure:2796: checking whether gcc accepts -g
configure:2816: gcc -c -g  conftest.c >&5
configure:2816: $? = 0
configure:2857: result: yes
configure:2874: checking for gcc option to accept ISO C89
configure:2937: gcc  -c -g -O2  conftest.c >&5
configure:2937: $? = 0
configure:2950: result: none needed
configure:2976: checking how to run the C preprocessor
configure:3007: gcc -E  conftest.c
configure:3007: $? = 0
configure:3021: gcc -E  conftest.c
conftest.c:9:28: fatal error: ac_nonexistent.h: No such file or directory
 #include <ac_nonexistent.h>
                            ^
compilation terminated.
configure:3021: $? = 1
configure: failed program was:
| /* confdefs.h */
| #define PACKAGE_NAME ""
| #define PACKAGE_TARNAME ""
| #define PACKAGE_VERSION ""
| #define PACKAGE_STRING ""
| #define PACKAGE_BUGREPORT ""
| #define PACKAGE_URL ""
| /* end confdefs.h.  */
| #include <ac_nonexistent.h>
configure:3046: result: gcc -E
configure:3066: gcc -E  conftest.c
configure:3066: $? = 0
configure:3080: gcc -E  conftest.c
conftest.c:9:28: fatal error: ac_nonexistent.h: No such file or directory
 #include <ac_nonexistent.h>
                            ^
compilation terminated.
configure:3080: $? = 1
configure: failed program was:
| /* confdefs.h */
| #define PACKAGE_NAME ""
| #define PACKAGE_TARNAME ""
| #define PACKAGE_VERSION ""
| #define PACKAGE_STRING ""
| #define PACKAGE_BUGREPORT ""
| #define PACKAGE_URL ""
| /* end confdefs.h.  */
| #include <ac_nonexistent.h>
configure:3109: checking for grep that handles long lines and -e
configure:3167: result: /bin/grep
configure:3172: checking for egrep
configure:3234: result: /bin/grep -E
configure:3239: checking for ANSI C header files
configure:3259: gcc -c -g -O2  conftest.c >&5
configure:3259: $? = 0
configure:3332: gcc -o conftest -g -O2   conftest.c  >&5
configure:3332: $? = 0
configure:3332: ./conftest
configure:3332: $? = 0
configure:3343: result: yes
configure:3356: checking for sys/types.h
configure:3356: gcc -c -g -O2  conftest.c >&5
configure:3356: $? = 0
configure:3356: result: yes
configure:3356: checking for sys/stat.h
configure:3356: gcc -c -g -O2  conftest.c >&5
configure:3356: $? = 0
configure:3356: result: yes
configure:3356: checking for stdlib.h
configure:3356: gcc -c -g -O2  conftest.c >&5
configure:3356: $? = 0
configure:3356: result: yes
configure:3356: checking for string.h
configure:3356: gcc -c -g -O2  conftest.c >&5
configure:3356: $? = 0
configure:3356: result: yes
configure:3356: checking for memory.h
configure:3356: gcc -c -g -O2  conftest.c >&5
configure:3356: $? = 0
configure:3356: result: yes
configure:3356: checking for strings.h
configure:3356: gcc -c -g -O2  conftest.c >&5
configure:3356: $? = 0
configure:3356: result: yes
configure:3356: checking for inttypes.h
configure:3356: gcc -c -g -O2  conftest.c >&5
configure:3356: $? = 0
configure:3356: result: yes
configure:3356: checking for stdint.h
configure:3356: gcc -c -g -O2  conftest.c >&5
configure:3356: $? = 0
configure:3356: result: yes
configure:3356: checking for unistd.h
configure:3356: gcc -c -g -O2  conftest.c >&5
configure:3356: $? = 0
configure:3356: result: yes
configure:3369: checking minix/config.h usability
configure:3369: gcc -c -g -O2  conftest.c >&5
conftest.c:52:26: fatal error: minix/config.h: No such file or directory
 #include <minix/config.h>
                          ^
compilation terminated.
configure:3369: $? = 1
configure: failed program was:
| /* confdefs.h */
| #define PACKAGE_NAME ""
| #define PACKAGE_TARNAME ""
| #define PACKAGE_VERSION ""
| #define PACKAGE_STRING ""
| #define PACKAGE_BUGREPORT ""
| #define PACKAGE_URL ""
| #define STDC_HEADERS 1
| #define HAVE_SYS_TYPES_H 1
| #define HAVE_SYS_STAT_H 1
| #define HAVE_STDLIB_H 1
| #define HAVE_STRING_H 1
| #define HAVE_MEMORY_H 1
| #define HAVE_STRINGS_H 1
| #define HAVE_INTTYPES_H 1
| #define HAVE_STDINT_H 1
| #define HAVE_UNISTD_H 1
| /* end confdefs.h.  */
| #include <stdio.h>
| #ifdef HAVE_SYS_TYPES_H
| # include <sys/types.h>
| #endif
| #ifdef HAVE_SYS_STAT_H
| # include <sys/stat.h>
| #endif
| #ifdef STDC_HEADERS
| # include <stdlib.h>
| # include <stddef.h>
| #else
| # ifdef HAVE_STDLIB_H
| #  include <stdlib.h>
| # endif
| #endif
| #ifdef HAVE_STRING_H
| # if !defined STDC_HEADERS && defined HAVE_MEMORY_H
| #  include <memory.h>
| # endif
| # include <string.h>
| #endif
| #ifdef HAVE_STRINGS_H
| # include <strings.h>
| #endif
| #ifdef HAVE_INTTYPES_H
| # include <inttypes.h>
| #endif
| #ifdef HAVE_STDINT_H
| # include <stdint.h>
| #endif
| #ifdef HAVE_UNISTD_H
| # include <unistd.h>
| #endif
| #include <minix/config.h>
configure:3369: result: no
configure:3369: checking minix/config.h presence
configure:3369: gcc -E  conftest.c
conftest.c:19:26: fatal error: minix/config.h: No such file or directory
 #include <minix/config.h>
                          ^
compilation terminated.
configure:3369: $? = 1
configure: failed program was:
| /* confdefs.h */
| #define PACKAGE_NAME ""
| #define PACKAGE_TARNAME ""
| #define PACKAGE_VERSION ""
| #define PACKAGE_STRING ""
| #define PACKAGE_BUGREPORT ""
| #define PACKAGE_URL ""
| #define STDC_HEADERS 1
| #define HAVE_SYS_TYPES_H 1
| #define HAVE_SYS_STAT_H 1
| #define HAVE_STDLIB_H 1
| #define HAVE_STRING_H 1
| #define HAVE_MEMORY_H 1
| #define HAVE_STRINGS_H 1
| #define HAVE_INTTYPES_H 1
| #define HAVE_STDINT_H 1
| #define HAVE_UNISTD_H 1
| /* end confdefs.h.  */
| #include <minix/config.h>
configure:3369: result: no
configure:3369: checking for minix/config.h
configure:3369: result: no
configure:3390: checking whether it is safe to define __EXTENSIONS__
configure:3408: gcc -c -g -O2  conftest.c >&5
configure:3408: $? = 0
configure:3415: result: yes
configure:3796: checking whether make sets $(MAKE)
configure:3818: result: yes
configure:3875: checking for gcc
configure:3902: result: gcc
configure:4131: checking for C compiler version
configure:4140: gcc --version >&5
gcc (Ubuntu/Linaro 4.8.1-10ubuntu9) 4.8.1
Copyright (C) 2013 Free Software Foundation, Inc.
This is free software; see the source for copying conditions.  There is NO
warranty; not even for MERCHANTABILITY or FITNESS FOR A PARTICULAR PURPOSE.

configure:4151: $? = 0
configure:4140: gcc -v >&5
Using built-in specs.
COLLECT_GCC=gcc
COLLECT_LTO_WRAPPER=/usr/lib/gcc/x86_64-linux-gnu/4.8/lto-wrapper
Target: x86_64-linux-gnu
Configured with: ../src/configure -v --with-pkgversion='Ubuntu/Linaro 4.8.1-10ubuntu9' --with-bugurl=file:///usr/share/doc/gcc-4.8/README.Bugs --enable-languages=c,c++,java,go,d,fortran,objc,obj-c++ --prefix=/usr --program-suffix=-4.8 --enable-shared --enable-linker-build-id --libexecdir=/usr/lib --without-included-gettext --enable-threads=posix --with-gxx-include-dir=/usr/include/c++/4.8 --libdir=/usr/lib --enable-nls --with-sysroot=/ --enable-clocale=gnu --enable-libstdcxx-debug --enable-libstdcxx-time=yes --enable-gnu-unique-object --enable-plugin --with-system-zlib --disable-browser-plugin --enable-java-awt=gtk --enable-gtk-cairo --with-java-home=/usr/lib/jvm/java-1.5.0-gcj-4.8-amd64/jre --enable-java-home --with-jvm-root-dir=/usr/lib/jvm/java-1.5.0-gcj-4.8-amd64 --with-jvm-jar-dir=/usr/lib/jvm-exports/java-1.5.0-gcj-4.8-amd64 --with-arch-directory=amd64 --with-ecj-jar=/usr/share/java/eclipse-ecj.jar --enable-objc-gc --enable-multiarch --disable-werror --with-arch-32=i686 --with-abi=m64 --with-multilib-list=m32,m64,mx32 --with-tune=generic --enable-checking=release --build=x86_64-linux-gnu --host=x86_64-linux-gnu --target=x86_64-linux-gnu
Thread model: posix
gcc version 4.8.1 (Ubuntu/Linaro 4.8.1-10ubuntu9) 
configure:4151: $? = 0
configure:4140: gcc -V >&5
gcc: error: unrecognized command line option '-V'
gcc: fatal error: no input files
compilation terminated.
configure:4151: $? = 4
configure:4140: gcc -qversion >&5
gcc: error: unrecognized command line option '-qversion'
gcc: fatal error: no input files
compilation terminated.
configure:4151: $? = 4
configure:4155: checking whether we are using the GNU C compiler
configure:4183: result: yes
configure:4192: checking whether gcc accepts -g
configure:4253: result: yes
configure:4270: checking for gcc option to accept ISO C89
configure:4346: result: none needed
configure:4371: checking how to run the C preprocessor
configure:4441: result: gcc -E
configure:4461: gcc -E  conftest.c
configure:4461: $? = 0
configure:4475: gcc -E  conftest.c
conftest.c:24:28: fatal error: ac_nonexistent.h: No such file or directory
 #include <ac_nonexistent.h>
                            ^
compilation terminated.
configure:4475: $? = 1
configure: failed program was:
| /* confdefs.h */
| #define PACKAGE_NAME ""
| #define PACKAGE_TARNAME ""
| #define PACKAGE_VERSION ""
| #define PACKAGE_STRING ""
| #define PACKAGE_BUGREPORT ""
| #define PACKAGE_URL ""
| #define STDC_HEADERS 1
| #define HAVE_SYS_TYPES_H 1
| #define HAVE_SYS_STAT_H 1
| #define HAVE_STDLIB_H 1
| #define HAVE_STRING_H 1
| #define HAVE_MEMORY_H 1
| #define HAVE_STRINGS_H 1
| #define HAVE_INTTYPES_H 1
| #define HAVE_STDINT_H 1
| #define HAVE_UNISTD_H 1
| #define __EXTENSIONS__ 1
| #define _ALL_SOURCE 1
| #define _GNU_SOURCE 1
| #define _POSIX_PTHREAD_SEMANTICS 1
| #define _TANDEM_SOURCE 1
| /* end confdefs.h.  */
| #include <ac_nonexistent.h>
configure:4505: checking for ar
configure:4523: found /usr/bin/ar
configure:4535: result: /usr/bin/ar
configure:4555: checking whether byte ordering is bigendian
configure:4570: gcc -c -g -O2 -DMAXCONN=16384 -pipe -ffast-math -Wall  -I../common conftest.c >&5
conftest.c:25:9: error: unknown type name 'not'
         not a universal capable compiler
         ^
conftest.c:25:15: error: expected '=', ',', ';', 'asm' or '__attribute__' before 'universal'
         not a universal capable compiler
               ^
conftest.c:25:15: error: unknown type name 'universal'
configure:4570: $? = 1
configure: failed program was:
| /* confdefs.h */
| #define PACKAGE_NAME ""
| #define PACKAGE_TARNAME ""
| #define PACKAGE_VERSION ""
| #define PACKAGE_STRING ""
| #define PACKAGE_BUGREPORT ""
| #define PACKAGE_URL ""
| #define STDC_HEADERS 1
| #define HAVE_SYS_TYPES_H 1
| #define HAVE_SYS_STAT_H 1
| #define HAVE_STDLIB_H 1
| #define HAVE_STRING_H 1
| #define HAVE_MEMORY_H 1
| #define HAVE_STRINGS_H 1
| #define HAVE_INTTYPES_H 1
| #define HAVE_STDINT_H 1
| #define HAVE_UNISTD_H 1
| #define __EXTENSIONS__ 1
| #define _ALL_SOURCE 1
| #define _GNU_SOURCE 1
| #define _POSIX_PTHREAD_SEMANTICS 1
| #define _TANDEM_SOURCE 1
| /* end confdefs.h.  */
| #ifndef __APPLE_CC__
| 	       not a universal capable compiler
| 	     #endif
| 	     typedef int dummy;
| 
configure:4615: gcc -c -g -O2 -DMAXCONN=16384 -pipe -ffast-math -Wall  -I../common conftest.c >&5
configure:4615: $? = 0
configure:4633: gcc -c -g -O2 -DMAXCONN=16384 -pipe -ffast-math -Wall  -I../common conftest.c >&5
conftest.c: In function 'main':
conftest.c:31:4: error: unknown type name 'not'
    not big endian
    ^
conftest.c:31:12: error: expected '=', ',', ';', 'asm' or '__attribute__' before 'endian'
    not big endian
            ^
configure:4633: $? = 1
configure: failed program was:
| /* confdefs.h */
| #define PACKAGE_NAME ""
| #define PACKAGE_TARNAME ""
| #define PACKAGE_VERSION ""
| #define PACKAGE_STRING ""
| #define PACKAGE_BUGREPORT ""
| #define PACKAGE_URL ""
| #define STDC_HEADERS 1
| #define HAVE_SYS_TYPES_H 1
| #define HAVE_SYS_STAT_H 1
| #define HAVE_STDLIB_H 1
| #define HAVE_STRING_H 1
| #define HAVE_MEMORY_H 1
| #define HAVE_STRINGS_H 1
| #define HAVE_INTTYPES_H 1
| #define HAVE_STDINT_H 1
| #define HAVE_UNISTD_H 1
| #define __EXTENSIONS__ 1
| #define _ALL_SOURCE 1
| #define _GNU_SOURCE 1
| #define _POSIX_PTHREAD_SEMANTICS 1
| #define _TANDEM_SOURCE 1
| /* end confdefs.h.  */
| #include <sys/types.h>
| 		#include <sys/param.h>
| 
| int
| main ()
| {
| #if BYTE_ORDER != BIG_ENDIAN
| 		 not big endian
| 		#endif
| 
|   ;
|   return 0;
| }
configure:4761: result: no
configure:4830: checking whether gcc produces 32bit code
configure:4848: gcc -o conftest -g -O2 -DMAXCONN=16384 -pipe -ffast-math -Wall  -I../common  conftest.c  >&5
configure:4848: $? = 0
configure:4848: ./conftest
configure:4848: $? = 1
configure: program exited with status 1
configure: failed program was:
| /* confdefs.h */
| #define PACKAGE_NAME ""
| #define PACKAGE_TARNAME ""
| #define PACKAGE_VERSION ""
| #define PACKAGE_STRING ""
| #define PACKAGE_BUGREPORT ""
| #define PACKAGE_URL ""
| #define STDC_HEADERS 1
| #define HAVE_SYS_TYPES_H 1
| #define HAVE_SYS_STAT_H 1
| #define HAVE_STDLIB_H 1
| #define HAVE_STRING_H 1
| #define HAVE_MEMORY_H 1
| #define HAVE_STRINGS_H 1
| #define HAVE_INTTYPES_H 1
| #define HAVE_STDINT_H 1
| #define HAVE_UNISTD_H 1
| #define __EXTENSIONS__ 1
| #define _ALL_SOURCE 1
| #define _GNU_SOURCE 1
| #define _POSIX_PTHREAD_SEMANTICS 1
| #define _TANDEM_SOURCE 1
| /* end confdefs.h.  */
| 
| 		int main(int argc, char **argv){
| 			if(sizeof(void*) == 4) return 0;
| 			else return 1;
| 		}
| 
configure:4857: result: no
configure:4871: checking whether gcc supports __thread specifier (TLS)
configure:4890: gcc -o conftest -g -O2 -DMAXCONN=16384 -pipe -ffast-math -Wall  -I../common  conftest.c  >&5
configure:4890: $? = 0
configure:4890: ./conftest
configure:4890: $? = 0
configure:4892: result: yes
configure:4909: checking whether gcc supports -Wno-unused-parameter
configure:4917: gcc -c -g -O2 -DMAXCONN=16384 -pipe -ffast-math -Wall -DHAS_TLS -Wno-unused-parameter  -I../common conftest.c >&5
configure:4917: $? = 0
configure:4918: result: no
configure:4943: checking whether gcc supports -flto
configure:4960: gcc -o conftest -g -O2 -DMAXCONN=16384 -pipe -ffast-math -Wall -DHAS_TLS -flto  -I../common  -flto conftest.c  >&5
configure:4960: $? = 0
configure:4960: ./conftest
configure:4960: $? = 0
configure:4962: result: yes
configure:4981: checking whether gcc supports -Wno-pointer-sign
configure:4989: gcc -c -g -O2 -DMAXCONN=16384 -pipe -ffast-math -Wall -DHAS_TLS -flto -Wno-pointer-sign  -I../common conftest.c >&5
configure:4989: $? = 0
configure:4991: result: yes
configure:4993: checking whether gcc can actually use -Wno-pointer-sign
configure:5002: gcc -c -g -O2 -DMAXCONN=16384 -pipe -ffast-math -Wall -DHAS_TLS -flto -Werror -Wno-pointer-sign  -I../common conftest.c >&5
configure:5002: $? = 0
configure:5004: result: yes
configure:5028: checking whether gcc supports -Wno-switch
configure:5036: gcc -c -g -O2 -DMAXCONN=16384 -pipe -ffast-math -Wall -DHAS_TLS -flto -Wno-switch  -I../common conftest.c >&5
configure:5036: $? = 0
configure:5037: result: yes
configure:5051: checking whether gcc supports -fPIC
configure:5059: gcc -c -g -O2 -DMAXCONN=16384 -pipe -ffast-math -Wall -DHAS_TLS -flto -Wno-switch -fPIC  -I../common conftest.c >&5
configure:5059: $? = 0
configure:5061: result: yes
configure:5080: checking whether gcc supports -fno-strict-aliasing
configure:5088: gcc -c -g -O2 -DMAXCONN=16384 -pipe -ffast-math -Wall -DHAS_TLS -flto -Wno-switch -fno-strict-aliasing  -I../common conftest.c >&5
configure:5088: $? = 0
configure:5089: result: yes
configure:5104: checking whether gcc supports -Wconversion
configure:5112: gcc -c -g -O2 -DMAXCONN=16384 -pipe -ffast-math -Wall -DHAS_TLS -flto -Wno-switch -fno-strict-aliasing -Wconversion  -I../common conftest.c >&5
configure:5112: $? = 0
configure:5114: result: yes
configure:5135: checking for setrlimit
configure:5135: gcc -o conftest -g -O2 -DMAXCONN=16384 -pipe -ffast-math -Wall -DHAS_TLS -flto -Wno-switch -fno-strict-aliasing  -I../common  -flto conftest.c  >&5
configure:5135: $? = 0
configure:5135: result: yes
configure:5145: checking for strnlen
configure:5145: gcc -o conftest -g -O2 -DMAXCONN=16384 -pipe -ffast-math -Wall -DHAS_TLS -flto -Wno-switch -fno-strict-aliasing -DHAVE_SETRLIMIT  -I../common  -flto conftest.c  >&5
configure:5145: $? = 0
configure:5145: result: yes
configure:5154: checking for uselocale
configure:5154: gcc -o conftest -g -O2 -DMAXCONN=16384 -pipe -ffast-math -Wall -DHAS_TLS -flto -Wno-switch -fno-strict-aliasing -DHAVE_SETRLIMIT -DHAVE_STRNLEN  -I../common  -flto conftest.c  >&5
configure:5154: $? = 0
configure:5154: result: yes
configure:5165: checking for newlocale
configure:5165: gcc -o conftest -g -O2 -DMAXCONN=16384 -pipe -ffast-math -Wall -DHAS_TLS -flto -Wno-switch -fno-strict-aliasing -DHAVE_SETRLIMIT -DHAVE_STRNLEN  -I../common  -flto conftest.c  >&5
configure:5165: $? = 0
configure:5165: result: yes
configure:5176: checking for freelocale
configure:5176: gcc -o conftest -g -O2 -DMAXCONN=16384 -pipe -ffast-math -Wall -DHAS_TLS -flto -Wno-switch -fno-strict-aliasing -DHAVE_SETRLIMIT -DHAVE_STRNLEN  -I../common  -flto conftest.c  >&5
configure:5176: $? = 0
configure:5176: result: yes
configure:5187: checking xlocale.h usability
configure:5187: gcc -c -g -O2 -DMAXCONN=16384 -pipe -ffast-math -Wall -DHAS_TLS -flto -Wno-switch -fno-strict-aliasing -DHAVE_SETRLIMIT -DHAVE_STRNLEN  -I../common conftest.c >&5
configure:5187: $? = 0
configure:5187: result: yes
configure:5187: checking xlocale.h presence
configure:5187: gcc -E  -I../common conftest.c
configure:5187: $? = 0
configure:5187: result: yes
configure:5187: checking for xlocale.h
configure:5187: result: yes
configure:5349: checking for inflateEnd in -lz
configure:5374: gcc -o conftest -g -O2 -DMAXCONN=16384 -pipe -ffast-math -Wall -DHAS_TLS -flto -Wno-switch -fno-strict-aliasing -DHAVE_SETRLIMIT -DHAVE_STRNLEN -DPACKETVER=20130807  -Wno-pointer-sign  -I../common -I/usr/include  -flto -L/usr/lib conftest.c -lz   >&5
configure:5374: $? = 0
configure:5383: result: yes
configure:5396: checking zlib.h usability
configure:5396: gcc -c -g -O2 -DMAXCONN=16384 -pipe -ffast-math -Wall -DHAS_TLS -flto -Wno-switch -fno-strict-aliasing -DHAVE_SETRLIMIT -DHAVE_STRNLEN -DPACKETVER=20130807  -Wno-pointer-sign  -I../common -I/usr/include conftest.c >&5
configure:5396: $? = 0
configure:5396: result: yes
configure:5396: checking zlib.h presence
configure:5396: gcc -E  -I../common -I/usr/include conftest.c
configure:5396: $? = 0
configure:5396: result: yes
configure:5396: checking for zlib.h
configure:5396: result: yes
configure:5409: checking for library containing sqrt
configure:5440: gcc -o conftest -g -O2 -DMAXCONN=16384 -pipe -ffast-math -Wall -DHAS_TLS -flto -Wno-switch -fno-strict-aliasing -DHAVE_SETRLIMIT -DHAVE_STRNLEN -DPACKETVER=20130807  -Wno-pointer-sign  -I../common -I/usr/include  -flto -L/usr/lib conftest.c -lz  >&5
conftest.c:36:6: warning: conflicting types for built-in function 'sqrt' [enabled by default]
 char sqrt ();
      ^
/tmp/ccpYqzTu.ltrans0.ltrans.o: In function `main':
/root/CelticRo/conftest.c:40: undefined reference to `sqrt'
collect2: error: ld returned 1 exit status
configure:5440: $? = 1
configure: failed program was:
| /* confdefs.h */
| #define PACKAGE_NAME ""
| #define PACKAGE_TARNAME ""
| #define PACKAGE_VERSION ""
| #define PACKAGE_STRING ""
| #define PACKAGE_BUGREPORT ""
| #define PACKAGE_URL ""
| #define STDC_HEADERS 1
| #define HAVE_SYS_TYPES_H 1
| #define HAVE_SYS_STAT_H 1
| #define HAVE_STDLIB_H 1
| #define HAVE_STRING_H 1
| #define HAVE_MEMORY_H 1
| #define HAVE_STRINGS_H 1
| #define HAVE_INTTYPES_H 1
| #define HAVE_STDINT_H 1
| #define HAVE_UNISTD_H 1
| #define __EXTENSIONS__ 1
| #define _ALL_SOURCE 1
| #define _GNU_SOURCE 1
| #define _POSIX_PTHREAD_SEMANTICS 1
| #define _TANDEM_SOURCE 1
| #define HAVE_USELOCALE 1
| #define HAVE_NEWLOCALE 1
| #define HAVE_FREELOCALE 1
| #define HAVE_XLOCALE_H 1
| #define HAVE_LIBZ 1
| /* end confdefs.h.  */
| 
| /* Override any GCC internal prototype to avoid an error.
|    Use char because int might match the return type of a GCC
|    builtin and then its argument prototype would still apply.  */
| #ifdef __cplusplus
| extern "C"
| #endif
| char sqrt ();
| int
| main ()
| {
| return sqrt ();
|   ;
|   return 0;
| }
configure:5440: gcc -o conftest -g -O2 -DMAXCONN=16384 -pipe -ffast-math -Wall -DHAS_TLS -flto -Wno-switch -fno-strict-aliasing -DHAVE_SETRLIMIT -DHAVE_STRNLEN -DPACKETVER=20130807  -Wno-pointer-sign  -I../common -I/usr/include  -flto -L/usr/lib conftest.c -lm  -lz  >&5
conftest.c:36:6: warning: conflicting types for built-in function 'sqrt' [enabled by default]
 char sqrt ();
      ^
configure:5440: $? = 0
configure:5457: result: -lm
configure:5472: checking for library containing clock_gettime
configure:5503: gcc -o conftest -g -O2 -DMAXCONN=16384 -pipe -ffast-math -Wall -DHAS_TLS -flto -Wno-switch -fno-strict-aliasing -DHAVE_SETRLIMIT -DHAVE_STRNLEN -DPACKETVER=20130807  -Wno-pointer-sign  -I../common -I/usr/include  -flto -L/usr/lib conftest.c -lm -lz  >&5
configure:5503: $? = 0
configure:5520: result: none required
configure:5539: checking whether CLOCK_MONOTONIC is supported and works
configure:5562: gcc -o conftest -g -O2 -DMAXCONN=16384 -pipe -ffast-math -Wall -DHAS_TLS -flto -Wno-switch -fno-strict-aliasing -DHAVE_SETRLIMIT -DHAVE_STRNLEN -DPACKETVER=20130807  -Wno-pointer-sign  -I../common -I/usr/include  -flto -L/usr/lib conftest.c -lm -lz  >&5
configure:5562: $? = 0
configure:5562: ./conftest
configure:5562: $? = 0
configure:5564: result: yes
configure:5586: checking for pthread_create in -lpthread
configure:5611: gcc -o conftest -g -O2 -DMAXCONN=16384 -pipe -ffast-math -Wall -DHAS_TLS -flto -Wno-switch -fno-strict-aliasing -DHAVE_SETRLIMIT -DHAVE_STRNLEN -DPACKETVER=20130807  -Wno-pointer-sign -DHAVE_MONOTONIC_CLOCK  -I../common -I/usr/include  -flto -L/usr/lib conftest.c -lpthread  -lm -lz  >&5
configure:5611: $? = 0
configure:5620: result: yes
configure:5633: checking for pthread_sigmask in -lpthread
configure:5658: gcc -o conftest -g -O2 -DMAXCONN=16384 -pipe -ffast-math -Wall -DHAS_TLS -flto -Wno-switch -fno-strict-aliasing -DHAVE_SETRLIMIT -DHAVE_STRNLEN -DPACKETVER=20130807  -Wno-pointer-sign -DHAVE_MONOTONIC_CLOCK  -I../common -I/usr/include  -flto -L/usr/lib conftest.c -lpthread  -lpthread -lm -lz  >&5
configure:5658: $? = 0
configure:5667: result: yes
configure:5680: checking for pthread_attr_init in -lpthread
configure:5705: gcc -o conftest -g -O2 -DMAXCONN=16384 -pipe -ffast-math -Wall -DHAS_TLS -flto -Wno-switch -fno-strict-aliasing -DHAVE_SETRLIMIT -DHAVE_STRNLEN -DPACKETVER=20130807  -Wno-pointer-sign -DHAVE_MONOTONIC_CLOCK  -I../common -I/usr/include  -flto -L/usr/lib conftest.c -lpthread  -lpthread -lpthread -lm -lz  >&5
configure:5705: $? = 0
configure:5714: result: yes
configure:5727: checking for pthread_attr_setstacksize in -lpthread
configure:5752: gcc -o conftest -g -O2 -DMAXCONN=16384 -pipe -ffast-math -Wall -DHAS_TLS -flto -Wno-switch -fno-strict-aliasing -DHAVE_SETRLIMIT -DHAVE_STRNLEN -DPACKETVER=20130807  -Wno-pointer-sign -DHAVE_MONOTONIC_CLOCK  -I../common -I/usr/include  -flto -L/usr/lib conftest.c -lpthread  -lpthread -lpthread -lpthread -lm -lz  >&5
configure:5752: $? = 0
configure:5761: result: yes
configure:5774: checking for pthread_attr_destroy in -lpthread
configure:5799: gcc -o conftest -g -O2 -DMAXCONN=16384 -pipe -ffast-math -Wall -DHAS_TLS -flto -Wno-switch -fno-strict-aliasing -DHAVE_SETRLIMIT -DHAVE_STRNLEN -DPACKETVER=20130807  -Wno-pointer-sign -DHAVE_MONOTONIC_CLOCK  -I../common -I/usr/include  -flto -L/usr/lib conftest.c -lpthread  -lpthread -lpthread -lpthread -lpthread -lm -lz  >&5
configure:5799: $? = 0
configure:5808: result: yes
configure:5821: checking for pthread_cancel in -lpthread
configure:5846: gcc -o conftest -g -O2 -DMAXCONN=16384 -pipe -ffast-math -Wall -DHAS_TLS -flto -Wno-switch -fno-strict-aliasing -DHAVE_SETRLIMIT -DHAVE_STRNLEN -DPACKETVER=20130807  -Wno-pointer-sign -DHAVE_MONOTONIC_CLOCK  -I../common -I/usr/include  -flto -L/usr/lib conftest.c -lpthread  -lpthread -lpthread -lpthread -lpthread -lpthread -lm -lz  >&5
configure:5846: $? = 0
configure:5855: result: yes
configure:5868: checking for pthread_join in -lpthread
configure:5893: gcc -o conftest -g -O2 -DMAXCONN=16384 -pipe -ffast-math -Wall -DHAS_TLS -flto -Wno-switch -fno-strict-aliasing -DHAVE_SETRLIMIT -DHAVE_STRNLEN -DPACKETVER=20130807  -Wno-pointer-sign -DHAVE_MONOTONIC_CLOCK  -I../common -I/usr/include  -flto -L/usr/lib conftest.c -lpthread  -lpthread -lpthread -lpthread -lpthread -lpthread -lpthread -lm -lz  >&5
configure:5893: $? = 0
configure:5902: result: yes
configure:5926: checking for mysql_config
configure:5944: found /usr/bin/mysql_config
configure:5957: result: /usr/bin/mysql_config
configure:5981: checking for mysql_init in -lmysqlclient
configure:6006: gcc -o conftest -g -O2 -DMAXCONN=16384 -pipe -ffast-math -Wall -DHAS_TLS -flto -Wno-switch -fno-strict-aliasing -DHAVE_SETRLIMIT -DHAVE_STRNLEN -DPACKETVER=20130807  -Wno-pointer-sign -DHAVE_MONOTONIC_CLOCK  -I../common -I/usr/include -I/usr/include/mysql  -flto -L/usr/lib -lpthread -L/usr/lib/x86_64-linux-gnu -lmysqlclient -lpthread -lz -lm -ldl conftest.c -lmysqlclient  -lpthread -lpthread -lpthread -lpthread -lpthread -lpthread -lpthread -lm -lz  >&5
configure:6006: $? = 0
configure:6015: result: yes
configure:6021: checking mysql.h usability
configure:6021: gcc -c -g -O2 -DMAXCONN=16384 -pipe -ffast-math -Wall -DHAS_TLS -flto -Wno-switch -fno-strict-aliasing -DHAVE_SETRLIMIT -DHAVE_STRNLEN -DPACKETVER=20130807  -Wno-pointer-sign -DHAVE_MONOTONIC_CLOCK  -I../common -I/usr/include -I/usr/include/mysql conftest.c >&5
configure:6021: $? = 0
configure:6021: result: yes
configure:6021: checking mysql.h presence
configure:6021: gcc -E  -I../common -I/usr/include -I/usr/include/mysql conftest.c
configure:6021: $? = 0
configure:6021: result: yes
configure:6021: checking for mysql.h
configure:6021: result: yes
configure:6032: checking MySQL library (required)
configure:6035: result: yes (5.5.37)
configure:6064: checking for library containing pcre_study
configure:6095: gcc -o conftest -g -O2 -DMAXCONN=16384 -pipe -ffast-math -Wall -DHAS_TLS -flto -Wno-switch -fno-strict-aliasing -DHAVE_SETRLIMIT -DHAVE_STRNLEN -DPACKETVER=20130807  -Wno-pointer-sign -DHAVE_MONOTONIC_CLOCK  -I../common -I/usr/include  -flto -L/usr/lib -lpthread conftest.c -lpthread -lpthread -lpthread -lpthread -lpthread -lpthread -lpthread -lm -lz  >&5
/tmp/cctOF9gK.ltrans0.ltrans.o: In function `main':
/root/CelticRo/conftest.c:47: undefined reference to `pcre_study'
collect2: error: ld returned 1 exit status
configure:6095: $? = 1
configure: failed program was:
| /* confdefs.h */
| #define PACKAGE_NAME ""
| #define PACKAGE_TARNAME ""
| #define PACKAGE_VERSION ""
| #define PACKAGE_STRING ""
| #define PACKAGE_BUGREPORT ""
| #define PACKAGE_URL ""
| #define STDC_HEADERS 1
| #define HAVE_SYS_TYPES_H 1
| #define HAVE_SYS_STAT_H 1
| #define HAVE_STDLIB_H 1
| #define HAVE_STRING_H 1
| #define HAVE_MEMORY_H 1
| #define HAVE_STRINGS_H 1
| #define HAVE_INTTYPES_H 1
| #define HAVE_STDINT_H 1
| #define HAVE_UNISTD_H 1
| #define __EXTENSIONS__ 1
| #define _ALL_SOURCE 1
| #define _GNU_SOURCE 1
| #define _POSIX_PTHREAD_SEMANTICS 1
| #define _TANDEM_SOURCE 1
| #define HAVE_USELOCALE 1
| #define HAVE_NEWLOCALE 1
| #define HAVE_FREELOCALE 1
| #define HAVE_XLOCALE_H 1
| #define HAVE_LIBZ 1
| #define HAVE_LIBPTHREAD 1
| #define HAVE_LIBPTHREAD 1
| #define HAVE_LIBPTHREAD 1
| #define HAVE_LIBPTHREAD 1
| #define HAVE_LIBPTHREAD 1
| #define HAVE_LIBPTHREAD 1
| #define HAVE_LIBPTHREAD 1
| /* end confdefs.h.  */
| 
| /* Override any GCC internal prototype to avoid an error.
|    Use char because int might match the return type of a GCC
|    builtin and then its argument prototype would still apply.  */
| #ifdef __cplusplus
| extern "C"
| #endif
| char pcre_study ();
| int
| main ()
| {
| return pcre_study ();
|   ;
|   return 0;
| }
configure:6095: gcc -o conftest -g -O2 -DMAXCONN=16384 -pipe -ffast-math -Wall -DHAS_TLS -flto -Wno-switch -fno-strict-aliasing -DHAVE_SETRLIMIT -DHAVE_STRNLEN -DPACKETVER=20130807  -Wno-pointer-sign -DHAVE_MONOTONIC_CLOCK  -I../common -I/usr/include  -flto -L/usr/lib -lpthread conftest.c -lpcre  -lpthread -lpthread -lpthread -lpthread -lpthread -lpthread -lpthread -lm -lz  >&5
configure:6095: $? = 0
configure:6112: result: -lpcre
configure:6173: checking PCRE library (optional)
configure:6177: result: yes (8.31)
configure:6200: checking host OS
configure:6203: result: Linux
configure:6228: checking for MinGW
configure:6239: result: no
configure:6243: Configure finish, CFLAGS= -g -O2 -DMAXCONN=16384 -pipe -ffast-math -Wall -DHAS_TLS -flto -Wno-switch -fno-strict-aliasing -DHAVE_SETRLIMIT -DHAVE_STRNLEN -DPACKETVER=20130807  -Wno-pointer-sign -DHAVE_MONOTONIC_CLOCK
configure:6245: LDFLAGS= -flto -L/usr/lib -lpthread
configure:6249: output name =  login-server, char-server, map-server
configure:6404: creating ./config.status

## ---------------------- ##
## Running config.status. ##
## ---------------------- ##

This file was extended by config.status, which was
generated by GNU Autoconf 2.69.  Invocation command line was

  CONFIG_FILES    = 
  CONFIG_HEADERS  = 
  CONFIG_LINKS    = 
  CONFIG_COMMANDS = 
  $ ./config.status 

on interiro

config.status:749: creating Makefile
config.status:749: creating src/common/Makefile
config.status:749: creating 3rdparty/mt19937ar/Makefile
config.status:749: creating 3rdparty/libconfig/Makefile
config.status:749: creating src/char/Makefile
config.status:749: creating src/login/Makefile
config.status:749: creating src/map/Makefile
config.status:749: creating src/tool/Makefile
config.status:749: creating src/test/Makefile

## ---------------- ##
## Cache variables. ##
## ---------------- ##

ac_cv_c_bigendian=no
ac_cv_c_compiler_gnu=yes
ac_cv_env_CC_set=
ac_cv_env_CC_value=
ac_cv_env_CFLAGS_set=
ac_cv_env_CFLAGS_value=
ac_cv_env_CPPFLAGS_set=
ac_cv_env_CPPFLAGS_value=
ac_cv_env_CPP_set=
ac_cv_env_CPP_value=
ac_cv_env_LDFLAGS_set=
ac_cv_env_LDFLAGS_value=
ac_cv_env_LIBS_set=
ac_cv_env_LIBS_value=
ac_cv_env_build_alias_set=
ac_cv_env_build_alias_value=
ac_cv_env_host_alias_set=
ac_cv_env_host_alias_value=
ac_cv_env_target_alias_set=
ac_cv_env_target_alias_value=
ac_cv_func_freelocale=yes
ac_cv_func_newlocale=yes
ac_cv_func_setrlimit=yes
ac_cv_func_strnlen=yes
ac_cv_func_uselocale=yes
ac_cv_header_inttypes_h=yes
ac_cv_header_memory_h=yes
ac_cv_header_minix_config_h=no
ac_cv_header_mysql_h=yes
ac_cv_header_stdc=yes
ac_cv_header_stdint_h=yes
ac_cv_header_stdlib_h=yes
ac_cv_header_string_h=yes
ac_cv_header_strings_h=yes
ac_cv_header_sys_stat_h=yes
ac_cv_header_sys_types_h=yes
ac_cv_header_unistd_h=yes
ac_cv_header_xlocale_h=yes
ac_cv_header_zlib_h=yes
ac_cv_lib_mysqlclient_mysql_init=yes
ac_cv_lib_pthread_pthread_attr_destroy=yes
ac_cv_lib_pthread_pthread_attr_init=yes
ac_cv_lib_pthread_pthread_attr_setstacksize=yes
ac_cv_lib_pthread_pthread_cancel=yes
ac_cv_lib_pthread_pthread_create=yes
ac_cv_lib_pthread_pthread_join=yes
ac_cv_lib_pthread_pthread_sigmask=yes
ac_cv_lib_z_inflateEnd=yes
ac_cv_objext=o
ac_cv_path_AR=/usr/bin/ar
ac_cv_path_EGREP='/bin/grep -E'
ac_cv_path_GREP=/bin/grep
ac_cv_path_MYSQL_CONFIG_HOME=/usr/bin/mysql_config
ac_cv_prog_CPP='gcc -E'
ac_cv_prog_ac_ct_CC=gcc
ac_cv_prog_cc_c89=
ac_cv_prog_cc_g=yes
ac_cv_prog_make_make_set=yes
ac_cv_safe_to_define___extensions__=yes
ac_cv_search_clock_gettime='none required'
ac_cv_search_pcre_study=-lpcre
ac_cv_search_sqrt=-lm

## ----------------- ##
## Output variables. ##
## ----------------- ##

AR='/usr/bin/ar'
CC='gcc'
CFLAGS='-g -O2 -DMAXCONN=16384 -pipe -ffast-math -Wall -DHAS_TLS -flto -Wno-switch -fno-strict-aliasing -DHAVE_SETRLIMIT -DHAVE_STRNLEN -DPACKETVER=20130807  -Wno-pointer-sign -DHAVE_MONOTONIC_CLOCK'
CPP='gcc -E'
CPPFLAGS=' -I../common -I/usr/include'
DEFS='-DPACKAGE_NAME=\"\" -DPACKAGE_TARNAME=\"\" -DPACKAGE_VERSION=\"\" -DPACKAGE_STRING=\"\" -DPACKAGE_BUGREPORT=\"\" -DPACKAGE_URL=\"\" -DSTDC_HEADERS=1 -DHAVE_SYS_TYPES_H=1 -DHAVE_SYS_STAT_H=1 -DHAVE_STDLIB_H=1 -DHAVE_STRING_H=1 -DHAVE_MEMORY_H=1 -DHAVE_STRINGS_H=1 -DHAVE_INTTYPES_H=1 -DHAVE_STDINT_H=1 -DHAVE_UNISTD_H=1 -D__EXTENSIONS__=1 -D_ALL_SOURCE=1 -D_GNU_SOURCE=1 -D_POSIX_PTHREAD_SEMANTICS=1 -D_TANDEM_SOURCE=1 -DHAVE_USELOCALE=1 -DHAVE_NEWLOCALE=1 -DHAVE_FREELOCALE=1 -DHAVE_XLOCALE_H=1 -DHAVE_LIBZ=1 -DHAVE_LIBPTHREAD=1 -DHAVE_LIBPTHREAD=1 -DHAVE_LIBPTHREAD=1 -DHAVE_LIBPTHREAD=1 -DHAVE_LIBPTHREAD=1 -DHAVE_LIBPTHREAD=1 -DHAVE_LIBPTHREAD=1'
DLLEXT='.so'
ECHO_C=''
ECHO_N='-n'
ECHO_T=''
EGREP='/bin/grep -E'
EXEEXT=''
GREP='/bin/grep'
HAVE_MYSQL='yes'
HAVE_PCRE='yes'
LDFLAGS=' -flto -L/usr/lib -lpthread'
LIBOBJS=''
LIBS='-lpcre -lpthread -lpthread -lpthread -lpthread -lpthread -lpthread -lpthread -lm -lz  -ldl'
LTLIBOBJS=''
MYSQL_CFLAGS='-I/usr/include/mysql'
MYSQL_CONFIG_HOME='/usr/bin/mysql_config'
MYSQL_LIBS='-L/usr/lib/x86_64-linux-gnu -lmysqlclient -lpthread -lz -lm -ldl'
MYSQL_VERSION='5.5.37'
OBJEXT='o'
OCHR='char-server'
OLOG='login-server'
OMAP='map-server'
PACKAGE_BUGREPORT=''
PACKAGE_NAME=''
PACKAGE_STRING=''
PACKAGE_TARNAME=''
PACKAGE_URL=''
PACKAGE_VERSION=''
PATH_SEPARATOR=':'
PCRE_CFLAGS=''
PCRE_LIBS='-lpcre'
PCRE_VERSION='8.31'
SET_MAKE=''
SHELL='/bin/bash'
ac_ct_CC='gcc'
bindir='${exec_prefix}/bin'
build_alias=''
datadir='${datarootdir}'
datarootdir='${prefix}/share'
docdir='${datarootdir}/doc/${PACKAGE}'
dvidir='${docdir}'
exec_prefix='${prefix}'
host_alias=''
htmldir='${docdir}'
includedir='${prefix}/include'
infodir='${datarootdir}/info'
libdir='${exec_prefix}/lib'
libexecdir='${exec_prefix}/libexec'
localedir='${datarootdir}/locale'
localstatedir='${prefix}/var'
mandir='${datarootdir}/man'
oldincludedir='/usr/include'
pdfdir='${docdir}'
prefix='/usr/local'
program_transform_name='s,x,x,'
psdir='${docdir}'
sbindir='${exec_prefix}/sbin'
sharedstatedir='${prefix}/com'
sysconfdir='${prefix}/etc'
target_alias=''

## ----------- ##
## confdefs.h. ##
## ----------- ##

/* confdefs.h */
#define PACKAGE_NAME ""
#define PACKAGE_TARNAME ""
#define PACKAGE_VERSION ""
#define PACKAGE_STRING ""
#define PACKAGE_BUGREPORT ""
#define PACKAGE_URL ""
#define STDC_HEADERS 1
#define HAVE_SYS_TYPES_H 1
#define HAVE_SYS_STAT_H 1
#define HAVE_STDLIB_H 1
#define HAVE_STRING_H 1
#define HAVE_MEMORY_H 1
#define HAVE_STRINGS_H 1
#define HAVE_INTTYPES_H 1
#define HAVE_STDINT_H 1
#define HAVE_UNISTD_H 1
#define __EXTENSIONS__ 1
#define _ALL_SOURCE 1
#define _GNU_SOURCE 1
#define _POSIX_PTHREAD_SEMANTICS 1
#define _TANDEM_SOURCE 1
#define HAVE_USELOCALE 1
#define HAVE_NEWLOCALE 1
#define HAVE_FREELOCALE 1
#define HAVE_XLOCALE_H 1
#define HAVE_LIBZ 1
#define HAVE_LIBPTHREAD 1
#define HAVE_LIBPTHREAD 1
#define HAVE_LIBPTHREAD 1
#define HAVE_LIBPTHREAD 1
#define HAVE_LIBPTHREAD 1
#define HAVE_LIBPTHREAD 1
#define HAVE_LIBPTHREAD 1

configure: exit 0
